0 info it worked if it ends with ok
1 verbose cli [ '/opt/iojs-v3.0.0/bin/iojs', '/usr/bin/npm', 'install' ]
2 info using npm@2.13.3
3 info using node@v3.0.0
4 verbose readDependencies loading dependencies from /home/nguyenthang/WebstormProjects/blog/package.json
5 verbose install where, deps [ '/home/nguyenthang/WebstormProjects/blog',
5 verbose install   [ 'bluebird',
5 verbose install     'body-parser',
5 verbose install     'cookie-parser',
5 verbose install     'debug',
5 verbose install     'express',
5 verbose install     'morgan',
5 verbose install     'pg',
5 verbose install     'pg-hstore',
5 verbose install     'sequelize',
5 verbose install     'serve-favicon',
5 verbose install     'passport',
5 verbose install     'passport-local',
5 verbose install     'bcrypt',
5 verbose install     'multer',
5 verbose install     'express-session',
5 verbose install     'connect-flash' ] ]
6 verbose install where, peers [ '/home/nguyenthang/WebstormProjects/blog', [] ]
7 verbose installManyTop reading for lifecycle /home/nguyenthang/WebstormProjects/blog/package.json
8 info preinstall untitled@0.0.0
9 verbose installManyTop reading scoped package data from /home/nguyenthang/WebstormProjects/blog/node_modules/bluebird/package.json
10 verbose installManyTop reading scoped package data from /home/nguyenthang/WebstormProjects/blog/node_modules/body-parser/package.json
11 verbose installManyTop reading scoped package data from /home/nguyenthang/WebstormProjects/blog/node_modules/connect-flash/package.json
12 verbose installManyTop reading scoped package data from /home/nguyenthang/WebstormProjects/blog/node_modules/cookie-parser/package.json
13 verbose installManyTop reading scoped package data from /home/nguyenthang/WebstormProjects/blog/node_modules/debug/package.json
14 verbose installManyTop reading scoped package data from /home/nguyenthang/WebstormProjects/blog/node_modules/express/package.json
15 verbose installManyTop reading scoped package data from /home/nguyenthang/WebstormProjects/blog/node_modules/express-session/package.json
16 verbose installManyTop reading scoped package data from /home/nguyenthang/WebstormProjects/blog/node_modules/jade/package.json
17 verbose installManyTop reading scoped package data from /home/nguyenthang/WebstormProjects/blog/node_modules/morgan/package.json
18 verbose installManyTop reading scoped package data from /home/nguyenthang/WebstormProjects/blog/node_modules/multer/package.json
19 verbose installManyTop reading scoped package data from /home/nguyenthang/WebstormProjects/blog/node_modules/passport/package.json
20 verbose installManyTop reading scoped package data from /home/nguyenthang/WebstormProjects/blog/node_modules/passport-local/package.json
21 verbose installManyTop reading scoped package data from /home/nguyenthang/WebstormProjects/blog/node_modules/pg/package.json
22 verbose installManyTop reading scoped package data from /home/nguyenthang/WebstormProjects/blog/node_modules/pg-hstore/package.json
23 verbose installManyTop reading scoped package data from /home/nguyenthang/WebstormProjects/blog/node_modules/sequelize/package.json
24 verbose installManyTop reading scoped package data from /home/nguyenthang/WebstormProjects/blog/node_modules/serve-favicon/package.json
25 info package.json connect-flash@0.1.1 No license field.
26 info package.json passport-local@1.0.0 No license field.
27 info package.json pg-hstore@2.3.2 No license field.
28 verbose readDependencies loading dependencies from /home/nguyenthang/WebstormProjects/blog/package.json
29 verbose targetResolver reading package data from /home/nguyenthang/WebstormProjects/blog/node_modules/bluebird/package.json
30 verbose targetResolver reading package data from /home/nguyenthang/WebstormProjects/blog/node_modules/body-parser/package.json
31 verbose targetResolver reading package data from /home/nguyenthang/WebstormProjects/blog/node_modules/connect-flash/package.json
32 verbose targetResolver reading package data from /home/nguyenthang/WebstormProjects/blog/node_modules/cookie-parser/package.json
33 verbose targetResolver reading package data from /home/nguyenthang/WebstormProjects/blog/node_modules/debug/package.json
34 verbose targetResolver reading package data from /home/nguyenthang/WebstormProjects/blog/node_modules/express/package.json
35 verbose targetResolver reading package data from /home/nguyenthang/WebstormProjects/blog/node_modules/express-session/package.json
36 verbose targetResolver reading package data from /home/nguyenthang/WebstormProjects/blog/node_modules/jade/package.json
37 verbose targetResolver reading package data from /home/nguyenthang/WebstormProjects/blog/node_modules/morgan/package.json
38 verbose targetResolver reading package data from /home/nguyenthang/WebstormProjects/blog/node_modules/multer/package.json
39 verbose targetResolver reading package data from /home/nguyenthang/WebstormProjects/blog/node_modules/passport/package.json
40 verbose targetResolver reading package data from /home/nguyenthang/WebstormProjects/blog/node_modules/passport-local/package.json
41 verbose targetResolver reading package data from /home/nguyenthang/WebstormProjects/blog/node_modules/pg/package.json
42 verbose targetResolver reading package data from /home/nguyenthang/WebstormProjects/blog/node_modules/pg-hstore/package.json
43 verbose targetResolver reading package data from /home/nguyenthang/WebstormProjects/blog/node_modules/sequelize/package.json
44 verbose targetResolver reading package data from /home/nguyenthang/WebstormProjects/blog/node_modules/serve-favicon/package.json
45 verbose targetResolver reading package data from /home/nguyenthang/WebstormProjects/blog/node_modules/.bin/jade/package.json
46 verbose already installed skipping express-session@* /home/nguyenthang/WebstormProjects/blog
47 verbose already installed skipping connect-flash@* /home/nguyenthang/WebstormProjects/blog
48 verbose already installed skipping bluebird@^2.9.34 /home/nguyenthang/WebstormProjects/blog
49 verbose already installed skipping body-parser@~1.13.2 /home/nguyenthang/WebstormProjects/blog
50 verbose already installed skipping cookie-parser@~1.3.5 /home/nguyenthang/WebstormProjects/blog
51 verbose already installed skipping debug@~2.2.0 /home/nguyenthang/WebstormProjects/blog
52 verbose already installed skipping express@~4.13.1 /home/nguyenthang/WebstormProjects/blog
53 verbose already installed skipping morgan@~1.6.1 /home/nguyenthang/WebstormProjects/blog
54 verbose already installed skipping pg@^4.4.1 /home/nguyenthang/WebstormProjects/blog
55 verbose already installed skipping pg-hstore@^2.3.2 /home/nguyenthang/WebstormProjects/blog
56 verbose already installed skipping sequelize@^3.5.1 /home/nguyenthang/WebstormProjects/blog
57 verbose already installed skipping serve-favicon@~2.3.0 /home/nguyenthang/WebstormProjects/blog
58 verbose already installed skipping passport@* /home/nguyenthang/WebstormProjects/blog
59 verbose already installed skipping passport-local@* /home/nguyenthang/WebstormProjects/blog
60 silly cache add args [ 'bcrypt@*', null ]
61 verbose cache add spec bcrypt@*
62 silly cache add parsed spec { raw: 'bcrypt@*',
62 silly cache add   scope: null,
62 silly cache add   name: 'bcrypt',
62 silly cache add   rawSpec: '*',
62 silly cache add   spec: '*',
62 silly cache add   type: 'range' }
63 silly addNamed bcrypt@*
64 verbose addNamed "*" is a valid semver range for bcrypt
65 silly addNameRange { name: 'bcrypt', range: '*', hasData: false }
66 silly mapToRegistry name bcrypt
67 silly mapToRegistry using default registry
68 silly mapToRegistry registry https://registry.npmjs.org/
69 silly mapToRegistry uri https://registry.npmjs.org/bcrypt
70 verbose addNameRange registry:https://registry.npmjs.org/bcrypt not in flight; fetching
71 verbose already installed skipping multer@* /home/nguyenthang/WebstormProjects/blog
72 verbose request uri https://registry.npmjs.org/bcrypt
73 verbose request no auth needed
74 info attempt registry request try #1 at 23:38:44
75 verbose request id cfa92bf99cb8def0
76 verbose etag "F5LKQ9M2S1IVB3ZKCW9RNP1VI"
77 http request GET https://registry.npmjs.org/bcrypt
78 http 304 https://registry.npmjs.org/bcrypt
79 silly get cb [ 304,
79 silly get   { date: 'Sat, 22 Aug 2015 16:38:45 GMT',
79 silly get     via: '1.1 varnish',
79 silly get     'cache-control': 'max-age=60',
79 silly get     etag: '"F5LKQ9M2S1IVB3ZKCW9RNP1VI"',
79 silly get     age: '0',
79 silly get     connection: 'keep-alive',
79 silly get     'x-served-by': 'cache-lax1424-LAX',
79 silly get     'x-cache': 'HIT',
79 silly get     'x-cache-hits': '1',
79 silly get     'x-timer': 'S1440261525.206478,VS0,VE335',
79 silly get     vary: 'Accept' } ]
80 verbose etag https://registry.npmjs.org/bcrypt from cache
81 verbose get saving bcrypt to /home/nguyenthang/.npm/registry.npmjs.org/bcrypt/.cache.json
82 silly addNameRange number 2 { name: 'bcrypt', range: '*', hasData: true }
83 silly addNameRange versions [ 'bcrypt',
83 silly addNameRange   [ '0.1.2',
83 silly addNameRange     '0.2.0',
83 silly addNameRange     '0.2.1',
83 silly addNameRange     '0.1.3',
83 silly addNameRange     '0.2.2',
83 silly addNameRange     '0.2.3',
83 silly addNameRange     '0.2.4',
83 silly addNameRange     '0.3.0',
83 silly addNameRange     '0.3.1',
83 silly addNameRange     '0.3.2',
83 silly addNameRange     '0.4.0',
83 silly addNameRange     '0.4.1',
83 silly addNameRange     '0.5.0',
83 silly addNameRange     '0.6.0',
83 silly addNameRange     '0.7.0',
83 silly addNameRange     '0.7.1',
83 silly addNameRange     '0.7.2',
83 silly addNameRange     '0.7.3',
83 silly addNameRange     '0.7.4',
83 silly addNameRange     '0.7.5',
83 silly addNameRange     '0.7.6',
83 silly addNameRange     '0.7.7',
83 silly addNameRange     '0.7.8',
83 silly addNameRange     '0.8.0',
83 silly addNameRange     '0.8.1',
83 silly addNameRange     '0.8.2',
83 silly addNameRange     '0.8.3',
83 silly addNameRange     '0.8.4',
83 silly addNameRange     '0.8.5' ] ]
84 silly addNamed bcrypt@0.8.5
85 verbose addNamed "0.8.5" is a plain semver version for bcrypt
86 silly cache afterAdd bcrypt@0.8.5
87 verbose afterAdd /home/nguyenthang/.npm/bcrypt/0.8.5/package/package.json not in flight; writing
88 verbose afterAdd /home/nguyenthang/.npm/bcrypt/0.8.5/package/package.json written
89 silly install resolved [ { name: 'bcrypt',
89 silly install resolved     description: 'A bcrypt library for NodeJS.',
89 silly install resolved     keywords:
89 silly install resolved      [ 'bcrypt',
89 silly install resolved        'password',
89 silly install resolved        'auth',
89 silly install resolved        'authentication',
89 silly install resolved        'encryption',
89 silly install resolved        'crypt',
89 silly install resolved        'crypto' ],
89 silly install resolved     main: './bcrypt',
89 silly install resolved     version: '0.8.5',
89 silly install resolved     author: { name: 'Nick Campbell', url: 'https://github.com/ncb000gt' },
89 silly install resolved     engines: { node: '>= 0.6.0' },
89 silly install resolved     repository:
89 silly install resolved      { type: 'git',
89 silly install resolved        url: 'git+https://github.com/ncb000gt/node.bcrypt.js.git' },
89 silly install resolved     license: 'MIT',
89 silly install resolved     bugs: { url: 'https://github.com/ncb000gt/node.bcrypt.js/issues' },
89 silly install resolved     scripts:
89 silly install resolved      { test: 'node-gyp configure build && nodeunit test',
89 silly install resolved        install: 'node-gyp rebuild' },
89 silly install resolved     dependencies: { bindings: '1.2.1', nan: '2.0.5' },
89 silly install resolved     devDependencies: { nodeunit: '~0.9.1' },
89 silly install resolved     contributors:
89 silly install resolved      [ [Object],
89 silly install resolved        [Object],
89 silly install resolved        [Object],
89 silly install resolved        [Object],
89 silly install resolved        [Object],
89 silly install resolved        [Object],
89 silly install resolved        [Object],
89 silly install resolved        [Object],
89 silly install resolved        [Object],
89 silly install resolved        [Object],
89 silly install resolved        [Object],
89 silly install resolved        [Object],
89 silly install resolved        [Object],
89 silly install resolved        [Object] ],
89 silly install resolved     gypfile: true,
89 silly install resolved     gitHead: '5d97708f06754d7d7989c67ba867002d10013615',
89 silly install resolved     homepage: 'https://github.com/ncb000gt/node.bcrypt.js#readme',
89 silly install resolved     _id: 'bcrypt@0.8.5',
89 silly install resolved     _shasum: '8e5b81b4db80e944f440005979ca8d58a961861d',
89 silly install resolved     _from: 'bcrypt@*',
89 silly install resolved     _npmVersion: '2.13.3',
89 silly install resolved     _nodeVersion: '3.0.0',
89 silly install resolved     _npmUser: { name: 'defunctzombie', email: 'shtylman@gmail.com' },
89 silly install resolved     dist:
89 silly install resolved      { shasum: '8e5b81b4db80e944f440005979ca8d58a961861d',
89 silly install resolved        tarball: 'http://registry.npmjs.org/bcrypt/-/bcrypt-0.8.5.tgz' },
89 silly install resolved     maintainers: [ [Object], [Object], [Object], [Object] ],
89 silly install resolved     directories: {},
89 silly install resolved     _resolved: 'https://registry.npmjs.org/bcrypt/-/bcrypt-0.8.5.tgz',
89 silly install resolved     readme: 'ERROR: No README data found!' } ]
90 info install bcrypt@0.8.5 into /home/nguyenthang/WebstormProjects/blog
91 info installOne bcrypt@0.8.5
92 verbose installOne of bcrypt to /home/nguyenthang/WebstormProjects/blog not in flight; installing
93 verbose lock using /home/nguyenthang/.npm/_locks/bcrypt-29a72a16cbba6fe4.lock for /home/nguyenthang/WebstormProjects/blog/node_modules/bcrypt
94 silly install write writing bcrypt 0.8.5 to /home/nguyenthang/WebstormProjects/blog/node_modules/bcrypt
95 verbose unbuild node_modules/bcrypt
96 silly gentlyRm /home/nguyenthang/WebstormProjects/blog/node_modules/bcrypt is being purged from base /home/nguyenthang/WebstormProjects/blog
97 verbose gentlyRm don't care about contents; nuking /home/nguyenthang/WebstormProjects/blog/node_modules/bcrypt
98 verbose tar unpack /home/nguyenthang/.npm/bcrypt/0.8.5/package.tgz
99 verbose tar unpacking to /home/nguyenthang/WebstormProjects/blog/node_modules/bcrypt
100 silly gentlyRm /home/nguyenthang/WebstormProjects/blog/node_modules/bcrypt is being purged
101 verbose gentlyRm don't care about contents; nuking /home/nguyenthang/WebstormProjects/blog/node_modules/bcrypt
102 silly gunzTarPerm modes [ '755', '644' ]
103 silly gunzTarPerm extractEntry package.json
104 silly gunzTarPerm extractEntry .npmignore
105 silly gunzTarPerm extractEntry README.md
106 silly gunzTarPerm extractEntry LICENSE
107 silly gunzTarPerm extractEntry bcrypt.js
108 silly gunzTarPerm extractEntry binding.gyp
109 silly gunzTarPerm extractEntry .travis.yml
110 silly gunzTarPerm extractEntry CHANGELOG.md
111 silly gunzTarPerm extractEntry examples/async_compare.js
112 silly gunzTarPerm extractEntry examples/forever_gen_salt.js
113 silly gunzTarPerm extractEntry test/async.js
114 silly gunzTarPerm extractEntry test/repetitions.js
115 silly gunzTarPerm extractEntry test/sync.js
116 silly gunzTarPerm extractEntry Makefile
117 silly gunzTarPerm extractEntry src/bcrypt.cc
118 silly gunzTarPerm extractEntry src/bcrypt_node.cc
119 silly gunzTarPerm extractEntry src/blowfish.cc
120 silly gunzTarPerm extractEntry src/node_blf.h
121 silly gunzTarPerm extractEntry werker.yml
122 verbose write writing to /home/nguyenthang/WebstormProjects/blog/node_modules/bcrypt/package.json
123 info preinstall bcrypt@0.8.5
124 verbose readDependencies loading dependencies from /home/nguyenthang/WebstormProjects/blog/node_modules/bcrypt/package.json
125 silly prepareForInstallMany adding bindings@1.2.1 from bcrypt dependencies
126 silly prepareForInstallMany adding nan@2.0.5 from bcrypt dependencies
127 verbose readDependencies loading dependencies from /home/nguyenthang/WebstormProjects/blog/node_modules/bcrypt/package.json
128 silly cache add args [ 'bindings@1.2.1', null ]
129 verbose cache add spec bindings@1.2.1
130 silly cache add args [ 'nan@2.0.5', null ]
131 verbose cache add spec nan@2.0.5
132 silly cache add parsed spec { raw: 'bindings@1.2.1',
132 silly cache add   scope: null,
132 silly cache add   name: 'bindings',
132 silly cache add   rawSpec: '1.2.1',
132 silly cache add   spec: '1.2.1',
132 silly cache add   type: 'version' }
133 silly addNamed bindings@1.2.1
134 verbose addNamed "1.2.1" is a plain semver version for bindings
135 silly mapToRegistry name bindings
136 silly mapToRegistry using default registry
137 silly mapToRegistry registry https://registry.npmjs.org/
138 silly mapToRegistry uri https://registry.npmjs.org/bindings
139 verbose addNameVersion registry:https://registry.npmjs.org/bindings not in flight; fetching
140 silly cache add parsed spec { raw: 'nan@2.0.5',
140 silly cache add   scope: null,
140 silly cache add   name: 'nan',
140 silly cache add   rawSpec: '2.0.5',
140 silly cache add   spec: '2.0.5',
140 silly cache add   type: 'version' }
141 silly addNamed nan@2.0.5
142 verbose addNamed "2.0.5" is a plain semver version for nan
143 silly mapToRegistry name nan
144 silly mapToRegistry using default registry
145 silly mapToRegistry registry https://registry.npmjs.org/
146 silly mapToRegistry uri https://registry.npmjs.org/nan
147 verbose addNameVersion registry:https://registry.npmjs.org/nan not in flight; fetching
148 verbose request uri https://registry.npmjs.org/bindings
149 verbose request no auth needed
150 info attempt registry request try #1 at 23:38:45
151 verbose etag "BCS5XYG9ISNJFNKEL5FLOI5HX"
152 http request GET https://registry.npmjs.org/bindings
153 verbose request uri https://registry.npmjs.org/nan
154 verbose request no auth needed
155 info attempt registry request try #1 at 23:38:45
156 verbose etag "41PIK59ZUA3ADEJCQ281I0TDQ"
157 http request GET https://registry.npmjs.org/nan
158 http 304 https://registry.npmjs.org/bindings
159 silly get cb [ 304,
159 silly get   { date: 'Sat, 22 Aug 2015 16:38:46 GMT',
159 silly get     via: '1.1 varnish',
159 silly get     'cache-control': 'max-age=60',
159 silly get     etag: '"BCS5XYG9ISNJFNKEL5FLOI5HX"',
159 silly get     age: '18',
159 silly get     connection: 'keep-alive',
159 silly get     'x-served-by': 'cache-lax1422-LAX',
159 silly get     'x-cache': 'HIT',
159 silly get     'x-cache-hits': '1',
159 silly get     'x-timer': 'S1440261526.211329,VS0,VE0',
159 silly get     vary: 'Accept' } ]
160 verbose etag https://registry.npmjs.org/bindings from cache
161 verbose get saving bindings to /home/nguyenthang/.npm/registry.npmjs.org/bindings/.cache.json
162 silly cache afterAdd bindings@1.2.1
163 verbose afterAdd /home/nguyenthang/.npm/bindings/1.2.1/package/package.json not in flight; writing
164 verbose afterAdd /home/nguyenthang/.npm/bindings/1.2.1/package/package.json written
165 http 304 https://registry.npmjs.org/nan
166 silly get cb [ 304,
166 silly get   { date: 'Sat, 22 Aug 2015 16:38:46 GMT',
166 silly get     via: '1.1 varnish',
166 silly get     'cache-control': 'max-age=60',
166 silly get     etag: '"41PIK59ZUA3ADEJCQ281I0TDQ"',
166 silly get     age: '33',
166 silly get     connection: 'keep-alive',
166 silly get     'x-served-by': 'cache-lax1429-LAX',
166 silly get     'x-cache': 'HIT',
166 silly get     'x-cache-hits': '1',
166 silly get     'x-timer': 'S1440261526.273979,VS0,VE0',
166 silly get     vary: 'Accept' } ]
167 verbose etag https://registry.npmjs.org/nan from cache
168 verbose get saving nan to /home/nguyenthang/.npm/registry.npmjs.org/nan/.cache.json
169 silly cache afterAdd nan@2.0.5
170 verbose afterAdd /home/nguyenthang/.npm/nan/2.0.5/package/package.json not in flight; writing
171 verbose afterAdd /home/nguyenthang/.npm/nan/2.0.5/package/package.json written
172 silly install resolved [ { name: 'bindings',
172 silly install resolved     description: 'Helper module for loading your native module\'s .node file',
172 silly install resolved     keywords: [ 'native', 'addon', 'bindings', 'gyp', 'waf', 'c', 'c++' ],
172 silly install resolved     version: '1.2.1',
172 silly install resolved     author:
172 silly install resolved      { name: 'Nathan Rajlich',
172 silly install resolved        email: 'nathan@tootallnate.net',
172 silly install resolved        url: 'http://tootallnate.net' },
172 silly install resolved     repository:
172 silly install resolved      { type: 'git',
172 silly install resolved        url: 'git://github.com/TooTallNate/node-bindings.git' },
172 silly install resolved     main: './bindings.js',
172 silly install resolved     bugs: { url: 'https://github.com/TooTallNate/node-bindings/issues' },
172 silly install resolved     homepage: 'https://github.com/TooTallNate/node-bindings',
172 silly install resolved     license: 'MIT',
172 silly install resolved     gitHead: 'e404152ee27f8478ccbc7122ee051246e8e5ec02',
172 silly install resolved     _id: 'bindings@1.2.1',
172 silly install resolved     scripts: {},
172 silly install resolved     _shasum: '14ad6113812d2d37d72e67b4cacb4bb726505f11',
172 silly install resolved     _from: 'bindings@1.2.1',
172 silly install resolved     _npmVersion: '1.4.14',
172 silly install resolved     _npmUser: { name: 'tootallnate', email: 'nathan@tootallnate.net' },
172 silly install resolved     maintainers: [ [Object], [Object] ],
172 silly install resolved     dist:
172 silly install resolved      { shasum: '14ad6113812d2d37d72e67b4cacb4bb726505f11',
172 silly install resolved        tarball: 'http://registry.npmjs.org/bindings/-/bindings-1.2.1.tgz' },
172 silly install resolved     directories: {},
172 silly install resolved     _resolved: 'https://registry.npmjs.org/bindings/-/bindings-1.2.1.tgz',
172 silly install resolved     readme: 'ERROR: No README data found!' },
172 silly install resolved   { name: 'nan',
172 silly install resolved     version: '2.0.5',
172 silly install resolved     description: 'Native Abstractions for Node.js: C++ header for Node 0.8->0.12 compatibility',
172 silly install resolved     main: 'include_dirs.js',
172 silly install resolved     repository: { type: 'git', url: 'git://github.com/nodejs/nan.git' },
172 silly install resolved     scripts:
172 silly install resolved      { test: 'tap --gc test/js/*-test.js',
172 silly install resolved        'rebuild-tests': 'pangyp rebuild --msvs_version=2013 --directory test',
172 silly install resolved        docs: 'doc/.build.sh' },
172 silly install resolved     contributors:
172 silly install resolved      [ [Object],
172 silly install resolved        [Object],
172 silly install resolved        [Object],
172 silly install resolved        [Object],
172 silly install resolved        [Object],
172 silly install resolved        [Object],
172 silly install resolved        [Object] ],
172 silly install resolved     devDependencies:
172 silly install resolved      { bindings: '~1.2.1',
172 silly install resolved        'node-gyp': '~2.0.2',
172 silly install resolved        pangyp: '~2.2.0',
172 silly install resolved        tap: '~0.7.1',
172 silly install resolved        xtend: '~4.0.0' },
172 silly install resolved     license: 'MIT',
172 silly install resolved     gitHead: 'd13a2e9ce762fd130877b53c71d35963fa2cf689',
172 silly install resolved     bugs: { url: 'https://github.com/nodejs/nan/issues' },
172 silly install resolved     homepage: 'https://github.com/nodejs/nan#readme',
172 silly install resolved     _id: 'nan@2.0.5',
172 silly install resolved     _shasum: '365888014be1fd178db0cbfa258edf7b0cb1c408',
172 silly install resolved     _from: 'nan@2.0.5',
172 silly install resolved     _npmVersion: '2.13.3',
172 silly install resolved     _nodeVersion: '3.0.0',
172 silly install resolved     _npmUser: { name: 'kkoopa', email: 'bbyholm@abo.fi' },
172 silly install resolved     maintainers: [ [Object], [Object] ],
172 silly install resolved     dist:
172 silly install resolved      { shasum: '365888014be1fd178db0cbfa258edf7b0cb1c408',
172 silly install resolved        tarball: 'http://registry.npmjs.org/nan/-/nan-2.0.5.tgz' },
172 silly install resolved     directories: {},
172 silly install resolved     _resolved: 'https://registry.npmjs.org/nan/-/nan-2.0.5.tgz',
172 silly install resolved     readme: 'ERROR: No README data found!' } ]
173 info install bindings@1.2.1 into /home/nguyenthang/WebstormProjects/blog/node_modules/bcrypt
174 info install nan@2.0.5 into /home/nguyenthang/WebstormProjects/blog/node_modules/bcrypt
175 info installOne bindings@1.2.1
176 verbose installOne of bindings to /home/nguyenthang/WebstormProjects/blog/node_modules/bcrypt not in flight; installing
177 info installOne nan@2.0.5
178 verbose installOne of nan to /home/nguyenthang/WebstormProjects/blog/node_modules/bcrypt not in flight; installing
179 verbose lock using /home/nguyenthang/.npm/_locks/bindings-8dc02e47f6f9ba72.lock for /home/nguyenthang/WebstormProjects/blog/node_modules/bcrypt/node_modules/bindings
180 verbose lock using /home/nguyenthang/.npm/_locks/nan-8ef20136b5d414d8.lock for /home/nguyenthang/WebstormProjects/blog/node_modules/bcrypt/node_modules/nan
181 silly install write writing bindings 1.2.1 to /home/nguyenthang/WebstormProjects/blog/node_modules/bcrypt/node_modules/bindings
182 silly install write writing nan 2.0.5 to /home/nguyenthang/WebstormProjects/blog/node_modules/bcrypt/node_modules/nan
183 verbose unbuild node_modules/bcrypt/node_modules/bindings
184 verbose unbuild node_modules/bcrypt/node_modules/nan
185 silly gentlyRm /home/nguyenthang/WebstormProjects/blog/node_modules/bcrypt/node_modules/bindings is being purged from base /home/nguyenthang/WebstormProjects/blog
186 verbose gentlyRm don't care about contents; nuking /home/nguyenthang/WebstormProjects/blog/node_modules/bcrypt/node_modules/bindings
187 silly gentlyRm /home/nguyenthang/WebstormProjects/blog/node_modules/bcrypt/node_modules/nan is being purged from base /home/nguyenthang/WebstormProjects/blog
188 verbose gentlyRm don't care about contents; nuking /home/nguyenthang/WebstormProjects/blog/node_modules/bcrypt/node_modules/nan
189 verbose tar unpack /home/nguyenthang/.npm/bindings/1.2.1/package.tgz
190 verbose tar unpacking to /home/nguyenthang/WebstormProjects/blog/node_modules/bcrypt/node_modules/bindings
191 silly gentlyRm /home/nguyenthang/WebstormProjects/blog/node_modules/bcrypt/node_modules/bindings is being purged
192 verbose gentlyRm don't care about contents; nuking /home/nguyenthang/WebstormProjects/blog/node_modules/bcrypt/node_modules/bindings
193 verbose tar unpack /home/nguyenthang/.npm/nan/2.0.5/package.tgz
194 verbose tar unpacking to /home/nguyenthang/WebstormProjects/blog/node_modules/bcrypt/node_modules/nan
195 silly gentlyRm /home/nguyenthang/WebstormProjects/blog/node_modules/bcrypt/node_modules/nan is being purged
196 verbose gentlyRm don't care about contents; nuking /home/nguyenthang/WebstormProjects/blog/node_modules/bcrypt/node_modules/nan
197 silly gunzTarPerm modes [ '755', '644' ]
198 silly gunzTarPerm modes [ '755', '644' ]
199 silly gunzTarPerm extractEntry package.json
200 silly gunzTarPerm extractEntry package.json
201 silly gunzTarPerm modified mode [ 'package.json', 436, 420 ]
202 silly gunzTarPerm extractEntry README.md
203 silly gunzTarPerm extractEntry bindings.js
204 silly gunzTarPerm extractEntry README.md
205 silly gunzTarPerm modified mode [ 'README.md', 436, 420 ]
206 silly gunzTarPerm extractEntry include_dirs.js
207 silly gunzTarPerm modified mode [ 'include_dirs.js', 436, 420 ]
208 silly gunzTarPerm extractEntry nan_converters.h
209 silly gunzTarPerm modified mode [ 'nan_converters.h', 436, 420 ]
210 silly gunzTarPerm extractEntry LICENSE.md
211 silly gunzTarPerm modified mode [ 'LICENSE.md', 436, 420 ]
212 silly gunzTarPerm extractEntry .dntrc
213 silly gunzTarPerm modified mode [ '.dntrc', 436, 420 ]
214 silly gunzTarPerm extractEntry appveyor.yml
215 silly gunzTarPerm modified mode [ 'appveyor.yml', 436, 420 ]
216 verbose write writing to /home/nguyenthang/WebstormProjects/blog/node_modules/bcrypt/node_modules/bindings/package.json
217 info preinstall bindings@1.2.1
218 verbose readDependencies loading dependencies from /home/nguyenthang/WebstormProjects/blog/node_modules/bcrypt/node_modules/bindings/package.json
219 verbose readDependencies loading dependencies from /home/nguyenthang/WebstormProjects/blog/node_modules/bcrypt/node_modules/bindings/package.json
220 silly gunzTarPerm extractEntry doc/new.md
221 silly gunzTarPerm modified mode [ 'doc/new.md', 436, 420 ]
222 silly gunzTarPerm extractEntry doc/.build.sh
223 silly gunzTarPerm modified mode [ 'doc/.build.sh', 509, 493 ]
224 silly install resolved []
225 verbose about to build /home/nguyenthang/WebstormProjects/blog/node_modules/bcrypt/node_modules/bindings
226 info build /home/nguyenthang/WebstormProjects/blog/node_modules/bcrypt/node_modules/bindings
227 silly gunzTarPerm extractEntry doc/buffers.md
228 silly gunzTarPerm modified mode [ 'doc/buffers.md', 436, 420 ]
229 silly gunzTarPerm extractEntry doc/callback.md
230 silly gunzTarPerm modified mode [ 'doc/callback.md', 436, 420 ]
231 info linkStuff bindings@1.2.1
232 silly linkStuff bindings@1.2.1 has /home/nguyenthang/WebstormProjects/blog/node_modules/bcrypt/node_modules as its parent node_modules
233 silly gunzTarPerm extractEntry doc/converters.md
234 silly gunzTarPerm modified mode [ 'doc/converters.md', 436, 420 ]
235 silly gunzTarPerm extractEntry doc/errors.md
236 silly gunzTarPerm modified mode [ 'doc/errors.md', 436, 420 ]
237 verbose linkBins bindings@1.2.1
238 verbose linkMans bindings@1.2.1
239 verbose rebuildBundles bindings@1.2.1
240 info install bindings@1.2.1
241 info postinstall bindings@1.2.1
242 verbose unlock done using /home/nguyenthang/.npm/_locks/bindings-8dc02e47f6f9ba72.lock for /home/nguyenthang/WebstormProjects/blog/node_modules/bcrypt/node_modules/bindings
243 silly gunzTarPerm extractEntry doc/maybe_types.md
244 silly gunzTarPerm modified mode [ 'doc/maybe_types.md', 436, 420 ]
245 silly gunzTarPerm extractEntry doc/methods.md
246 silly gunzTarPerm modified mode [ 'doc/methods.md', 436, 420 ]
247 silly gunzTarPerm extractEntry doc/asyncworker.md
248 silly gunzTarPerm modified mode [ 'doc/asyncworker.md', 436, 420 ]
249 silly gunzTarPerm extractEntry doc/node_misc.md
250 silly gunzTarPerm modified mode [ 'doc/node_misc.md', 436, 420 ]
251 silly gunzTarPerm extractEntry doc/persistent.md
252 silly gunzTarPerm modified mode [ 'doc/persistent.md', 436, 420 ]
253 silly gunzTarPerm extractEntry doc/scopes.md
254 silly gunzTarPerm modified mode [ 'doc/scopes.md', 436, 420 ]
255 silly gunzTarPerm extractEntry doc/script.md
256 silly gunzTarPerm modified mode [ 'doc/script.md', 436, 420 ]
257 silly gunzTarPerm extractEntry doc/string_bytes.md
258 silly gunzTarPerm modified mode [ 'doc/string_bytes.md', 436, 420 ]
259 silly gunzTarPerm extractEntry doc/v8_internals.md
260 silly gunzTarPerm modified mode [ 'doc/v8_internals.md', 436, 420 ]
261 silly gunzTarPerm extractEntry doc/v8_misc.md
262 silly gunzTarPerm modified mode [ 'doc/v8_misc.md', 436, 420 ]
263 silly gunzTarPerm extractEntry nan.h
264 silly gunzTarPerm modified mode [ 'nan.h', 436, 420 ]
265 silly gunzTarPerm extractEntry nan_callbacks.h
266 silly gunzTarPerm modified mode [ 'nan_callbacks.h', 436, 420 ]
267 silly gunzTarPerm extractEntry nan_callbacks_12_inl.h
268 silly gunzTarPerm modified mode [ 'nan_callbacks_12_inl.h', 436, 420 ]
269 silly gunzTarPerm extractEntry nan_callbacks_pre_12_inl.h
270 silly gunzTarPerm modified mode [ 'nan_callbacks_pre_12_inl.h', 436, 420 ]
271 silly gunzTarPerm extractEntry nan_converters_43_inl.h
272 silly gunzTarPerm modified mode [ 'nan_converters_43_inl.h', 436, 420 ]
273 silly gunzTarPerm extractEntry nan_converters_pre_43_inl.h
274 silly gunzTarPerm modified mode [ 'nan_converters_pre_43_inl.h', 436, 420 ]
275 silly gunzTarPerm extractEntry nan_implementation_12_inl.h
276 silly gunzTarPerm modified mode [ 'nan_implementation_12_inl.h', 436, 420 ]
277 silly gunzTarPerm extractEntry nan_implementation_pre_12_inl.h
278 silly gunzTarPerm modified mode [ 'nan_implementation_pre_12_inl.h', 436, 420 ]
279 silly gunzTarPerm extractEntry nan_maybe_43_inl.h
280 silly gunzTarPerm modified mode [ 'nan_maybe_43_inl.h', 436, 420 ]
281 silly gunzTarPerm extractEntry nan_maybe_pre_43_inl.h
282 silly gunzTarPerm modified mode [ 'nan_maybe_pre_43_inl.h', 436, 420 ]
283 silly gunzTarPerm extractEntry nan_new.h
284 silly gunzTarPerm modified mode [ 'nan_new.h', 436, 420 ]
285 silly gunzTarPerm extractEntry nan_object_wrap.h
286 silly gunzTarPerm modified mode [ 'nan_object_wrap.h', 436, 420 ]
287 silly gunzTarPerm extractEntry nan_persistent_12_inl.h
288 silly gunzTarPerm modified mode [ 'nan_persistent_12_inl.h', 436, 420 ]
289 silly gunzTarPerm extractEntry nan_persistent_pre_12_inl.h
290 silly gunzTarPerm modified mode [ 'nan_persistent_pre_12_inl.h', 436, 420 ]
291 silly gunzTarPerm extractEntry nan_string_bytes.h
292 silly gunzTarPerm modified mode [ 'nan_string_bytes.h', 436, 420 ]
293 silly gunzTarPerm extractEntry nan_weak.h
294 silly gunzTarPerm modified mode [ 'nan_weak.h', 436, 420 ]
295 silly gunzTarPerm extractEntry CHANGELOG.md
296 silly gunzTarPerm modified mode [ 'CHANGELOG.md', 436, 420 ]
297 silly gunzTarPerm extractEntry tools/package.json
298 silly gunzTarPerm modified mode [ 'tools/package.json', 436, 420 ]
299 silly gunzTarPerm extractEntry tools/README.md
300 silly gunzTarPerm modified mode [ 'tools/README.md', 436, 420 ]
301 silly gunzTarPerm extractEntry tools/1to2.js
302 silly gunzTarPerm modified mode [ 'tools/1to2.js', 509, 493 ]
303 verbose write writing to /home/nguyenthang/WebstormProjects/blog/node_modules/bcrypt/node_modules/nan/package.json
304 info preinstall nan@2.0.5
305 verbose readDependencies loading dependencies from /home/nguyenthang/WebstormProjects/blog/node_modules/bcrypt/node_modules/nan/package.json
306 verbose readDependencies loading dependencies from /home/nguyenthang/WebstormProjects/blog/node_modules/bcrypt/node_modules/nan/package.json
307 silly install resolved []
308 verbose about to build /home/nguyenthang/WebstormProjects/blog/node_modules/bcrypt/node_modules/nan
309 info build /home/nguyenthang/WebstormProjects/blog/node_modules/bcrypt/node_modules/nan
310 info linkStuff nan@2.0.5
311 silly linkStuff nan@2.0.5 has /home/nguyenthang/WebstormProjects/blog/node_modules/bcrypt/node_modules as its parent node_modules
312 verbose linkBins nan@2.0.5
313 verbose linkMans nan@2.0.5
314 verbose rebuildBundles nan@2.0.5
315 info install nan@2.0.5
316 info postinstall nan@2.0.5
317 verbose unlock done using /home/nguyenthang/.npm/_locks/nan-8ef20136b5d414d8.lock for /home/nguyenthang/WebstormProjects/blog/node_modules/bcrypt/node_modules/nan
318 verbose about to build /home/nguyenthang/WebstormProjects/blog/node_modules/bcrypt
319 info build /home/nguyenthang/WebstormProjects/blog/node_modules/bcrypt
320 info linkStuff bcrypt@0.8.5
321 silly linkStuff bcrypt@0.8.5 has /home/nguyenthang/WebstormProjects/blog/node_modules as its parent node_modules
322 verbose linkBins bcrypt@0.8.5
323 verbose linkMans bcrypt@0.8.5
324 verbose rebuildBundles bcrypt@0.8.5
325 verbose rebuildBundles [ 'bindings', 'nan' ]
326 info install bcrypt@0.8.5
327 verbose unsafe-perm in lifecycle true
328 info bcrypt@0.8.5 Failed to exec install script
329 verbose unlock done using /home/nguyenthang/.npm/_locks/bcrypt-29a72a16cbba6fe4.lock for /home/nguyenthang/WebstormProjects/blog/node_modules/bcrypt
330 verbose stack Error: bcrypt@0.8.5 install: `node-gyp rebuild`
330 verbose stack Exit status 1
330 verbose stack     at EventEmitter.<anonymous> (/opt/iojs-v3.0.0/lib/node_modules/npm/lib/utils/lifecycle.js:214:16)
330 verbose stack     at emitTwo (events.js:87:13)
330 verbose stack     at EventEmitter.emit (events.js:172:7)
330 verbose stack     at ChildProcess.<anonymous> (/opt/iojs-v3.0.0/lib/node_modules/npm/lib/utils/spawn.js:24:14)
330 verbose stack     at emitTwo (events.js:87:13)
330 verbose stack     at ChildProcess.emit (events.js:172:7)
330 verbose stack     at maybeClose (internal/child_process.js:764:16)
330 verbose stack     at Process.ChildProcess._handle.onexit (internal/child_process.js:211:5)
331 verbose pkgid bcrypt@0.8.5
332 verbose cwd /home/nguyenthang/WebstormProjects/blog
333 error Linux 3.13.0-37-generic
334 error argv "/opt/iojs-v3.0.0/bin/iojs" "/usr/bin/npm" "install"
335 error node v3.0.0
336 error npm  v2.13.3
337 error code ELIFECYCLE
338 error bcrypt@0.8.5 install: `node-gyp rebuild`
338 error Exit status 1
339 error Failed at the bcrypt@0.8.5 install script 'node-gyp rebuild'.
339 error This is most likely a problem with the bcrypt package,
339 error not with npm itself.
339 error Tell the author that this fails on your system:
339 error     node-gyp rebuild
339 error You can get their info via:
339 error     npm owner ls bcrypt
339 error There is likely additional logging output above.
340 verbose exit [ 1, true ]
341 verbose unbuild node_modules/bcrypt
342 info preuninstall bcrypt@0.8.5
343 info uninstall bcrypt@0.8.5
344 verbose unbuild rmStuff bcrypt@0.8.5 from /home/nguyenthang/WebstormProjects/blog/node_modules
345 info postuninstall bcrypt@0.8.5
346 silly gentlyRm /home/nguyenthang/WebstormProjects/blog/node_modules/bcrypt is being purged from base /home/nguyenthang/WebstormProjects/blog
347 verbose gentlyRm don't care about contents; nuking /home/nguyenthang/WebstormProjects/blog/node_modules/bcrypt
348 silly vacuum-fs purging /home/nguyenthang/WebstormProjects/blog/node_modules/bcrypt
349 silly vacuum-fs quitting because other entries in /home/nguyenthang/WebstormProjects/blog/node_modules
